Base path: 'C:/Program Files/Unity/Hub/Editor/2019.2.11f1/Editor/Data', plugins path 'C:/Program Files/Unity/Hub/Editor/2019.2.11f1/Editor/Data/PlaybackEngines'
Cmd: initializeCompiler
Cmd: compileComputeKernel
  api=18 insize=2059 outsize=5551 ok=1
Cmd: compileComputeKernel
  api=18 insize=1176 outsize=3060 ok=1
Cmd: compileComputeKernel
  api=4 insize=3070 outsize=48128 ok=1
Cmd: compileComputeKernel
  api=4 insize=10881 outsize=10429 ok=1
Cmd: compileComputeKernel
  api=18 insize=4855 outsize=24708 ok=1
Cmd: compileComputeKernel
  api=9 insize=4855 outsize=8579 ok=1
Cmd: compileComputeKernel
  api=4 insize=4855 outsize=3708 ok=1
Cmd: compileComputeKernel
  api=18 insize=3396 outsize=9865 ok=1
Cmd: compileComputeKernel
  api=18 insize=18299 outsize=33265 ok=1
Cmd: compileComputeKernel
  api=18 insize=18299 outsize=32843 ok=1
Cmd: compileComputeKernel
  api=18 insize=18299 outsize=57023 ok=1
Cmd: compileComputeKernel
  api=4 insize=18299 outsize=8873 ok=1
Cmd: compileComputeKernel
  api=4 insize=18299 outsize=10507 ok=1
Cmd: compileComputeKernel
  api=18 insize=1957 outsize=6539 ok=1
Cmd: compileComputeKernel
  api=4 insize=3072 outsize=375 ok=1
Cmd: compileComputeKernel
  api=18 insize=1806 outsize=4965 ok=1
Cmd: compileComputeKernel
  api=18 insize=1454 outsize=5255 ok=1
Cmd: compileComputeKernel
  api=18 insize=2044 outsize=4064 ok=1
Cmd: compileSnippet
  api=4 type=0 insize=1596 outsize=2254 kw=UNITY_PASS_FORWARDBASE DIRECTIONAL SHADOWS_SCREEN LIGHTPROBE_SH _NORMALMAP _METALLICGLOSSMAP pd=UNITY_NO_DXT5nm UNITY_ENABLE_REFLECTION_BUFFERS UNITY_NO_CUBEMAP_ARRAY UNITY_NO_SCREENSPACE_SHADOWS UNITY_PBS_USE_BRDF2 SHADER_API_DESKTOP UNITY_HARDWARE_TIER3 UNITY_COLORSPACE_GAMMA UNITY_LIGHTMAP_DLDR_ENCODING ok=1
